============================== Prover9 ===============================
Prover9 (64) version 2009-11A, November 2009.
Process 13810 was started by manindra on Manindras-MBP,
Fri May  1 16:06:50 2020
The command was "prover9 -f problems.in".
============================== end of head ===========================

============================== INPUT =================================

% Reading from file problems.in


formulas(assumptions).
customer(John).
customer(Mary).
super_market(Safeway).
gas_station(Shell).
super_market(x) -> store(x).
gas_station(x) -> store(x).
vegetables(Tomatoes).
animal_produce(GroundBeef).
money(Card).
money(Cash).
cosmetic(Deodrant).
fuel(Gas).
fuel(x) -> goods(x).
buys(John,Tomatoes,Safeway,t).
buys(John,GroundBeef,Safeway,t).
buys(Mary,Tomatoes,Safeway,t).
animal_produce(x) -> meat(x).
cosmetic(x) -> products(x).
meat(x) -> food(x).
vegetables(x) -> food(x).
food(x) -> products(x).
products(x) -> goods(x).
fuel(x) -> -eatable(x).
cosmetic(x) -> -eatable(x).
food(x) -> eatable(x).
customer(x) & buys(x,y,z,t) & food(y) & super_market(z) -> eats(x,y).
customer(x) -> person(x).
person(x) -> child(x) | adult(x).
child(x) -> -adult(x).
customer(x) & store(y) & goods(z) & buys(x,z,y,t) -> adult(x).
super_market(x) & products(y) -> sells(x,y).
gas_station(x) & fuel(y) -> sells(x,y).
products(x) & super_market(y) -> owns(y,x).
fuel(x) & super_market(y) -> -owns(y,x).
super_market(x) -> -gas_station(x).
products(x) & gas_station(y) -> -owns(y,x).
fuel(x) & gas_station(y) -> owns(y,x).
goods(x) & store(y) -> -produced(x,y).
(all x all p all s all t (buys(x,p,s,t) & buys(y,p,s,t) & products(z) & super_market(s) -> sees(x,y))).
money(Cash).
money(Card).
(all x all y all z all c (customer(x) & goods(y) & buys(x,y,z,t) & money(c) -> brings(x,c,z))).
eats(x,y) & meat(y) & person(x) -> -vegetarian(x).
buys(x,y,s,t) -> visits(x,s,t).
visits(x,y,t) & person(x) & store(y) -> at(x,y,t).
staff(x) & store(y) -> at(x,y,t).
staff(x) -> -customer(x).
weight(GroundBeef,One) & pound(One).
pound(One) -> ounces(Sixteen).
ounces(Sixteen) -> ounces(One).
(all x ((exists y buys(x,y,z,t)) & products(y) -> have(x,y))).
(all x ((exists y products(x)) -> pound(y) & weight(x,y))).
(all x all y all s all t (buys(x,y,s,t) -> (exists w (money(w) & less(x,w))))).
weight(Tomatoes,Two).
capacity(t,Hundred) & trunk(t).
(all x ((exists z products(x)) -> weight(x,z))).
(all x ((exists y trunk(x)) -> capacity(x,y))).
(all x all z ((exists y exists t weight(x,z)) & capacity(t,y) & products(x) & trunk(t) & less_weight(z,y) -> fits(t,x))).
less_weight(Two,Hundred).
end_of_list.

formulas(goals).
(exists x (money(x) & less(John,x))).
end_of_list.

============================== end of input ==========================

============================== PROCESS NON-CLAUSAL FORMULAS ==========

% Formulas that are not ordinary clauses:
1 super_market(x) -> store(x) # label(non_clause).  [assumption].
2 gas_station(x) -> store(x) # label(non_clause).  [assumption].
3 fuel(x) -> goods(x) # label(non_clause).  [assumption].
4 animal_produce(x) -> meat(x) # label(non_clause).  [assumption].
5 cosmetic(x) -> products(x) # label(non_clause).  [assumption].
6 meat(x) -> food(x) # label(non_clause).  [assumption].
7 vegetables(x) -> food(x) # label(non_clause).  [assumption].
8 food(x) -> products(x) # label(non_clause).  [assumption].
9 products(x) -> goods(x) # label(non_clause).  [assumption].
10 fuel(x) -> -eatable(x) # label(non_clause).  [assumption].
11 cosmetic(x) -> -eatable(x) # label(non_clause).  [assumption].
12 food(x) -> eatable(x) # label(non_clause).  [assumption].
13 customer(x) & buys(x,y,z,t) & food(y) & super_market(z) -> eats(x,y) # label(non_clause).  [assumption].
14 customer(x) -> person(x) # label(non_clause).  [assumption].
15 person(x) -> child(x) | adult(x) # label(non_clause).  [assumption].
16 child(x) -> -adult(x) # label(non_clause).  [assumption].
17 customer(x) & store(y) & goods(z) & buys(x,z,y,t) -> adult(x) # label(non_clause).  [assumption].
18 super_market(x) & products(y) -> sells(x,y) # label(non_clause).  [assumption].
19 gas_station(x) & fuel(y) -> sells(x,y) # label(non_clause).  [assumption].
20 products(x) & super_market(y) -> owns(y,x) # label(non_clause).  [assumption].
21 fuel(x) & super_market(y) -> -owns(y,x) # label(non_clause).  [assumption].
22 super_market(x) -> -gas_station(x) # label(non_clause).  [assumption].
23 products(x) & gas_station(y) -> -owns(y,x) # label(non_clause).  [assumption].
24 fuel(x) & gas_station(y) -> owns(y,x) # label(non_clause).  [assumption].
25 goods(x) & store(y) -> -produced(x,y) # label(non_clause).  [assumption].
26 (all x all p all s all t (buys(x,p,s,t) & buys(y,p,s,t) & products(z) & super_market(s) -> sees(x,y))) # label(non_clause).  [assumption].
27 (all x all y all z all c (customer(x) & goods(y) & buys(x,y,z,t) & money(c) -> brings(x,c,z))) # label(non_clause).  [assumption].
28 eats(x,y) & meat(y) & person(x) -> -vegetarian(x) # label(non_clause).  [assumption].
29 buys(x,y,s,t) -> visits(x,s,t) # label(non_clause).  [assumption].
30 visits(x,y,t) & person(x) & store(y) -> at(x,y,t) # label(non_clause).  [assumption].
31 staff(x) & store(y) -> at(x,y,t) # label(non_clause).  [assumption].
32 staff(x) -> -customer(x) # label(non_clause).  [assumption].
33 weight(GroundBeef,One) & pound(One) # label(non_clause).  [assumption].
34 pound(One) -> ounces(Sixteen) # label(non_clause).  [assumption].
35 ounces(Sixteen) -> ounces(One) # label(non_clause).  [assumption].
36 (all x ((exists y buys(x,y,z,t)) & products(y) -> have(x,y))) # label(non_clause).  [assumption].
37 (all x ((exists y products(x)) -> pound(y) & weight(x,y))) # label(non_clause).  [assumption].
38 (all x all y all s all t (buys(x,y,s,t) -> (exists w (money(w) & less(x,w))))) # label(non_clause).  [assumption].
39 capacity(t,Hundred) & trunk(t) # label(non_clause).  [assumption].
40 (all x ((exists z products(x)) -> weight(x,z))) # label(non_clause).  [assumption].
41 (all x ((exists y trunk(x)) -> capacity(x,y))) # label(non_clause).  [assumption].
42 (all x all z ((exists y exists t weight(x,z)) & capacity(t,y) & products(x) & trunk(t) & less_weight(z,y) -> fits(t,x))) # label(non_clause).  [assumption].
43 (exists x (money(x) & less(John,x))) # label(non_clause) # label(goal).  [goal].

============================== end of process non-clausal formulas ===

============================== PROCESS INITIAL CLAUSES ===============

% Clauses before input processing:

formulas(usable).
end_of_list.

formulas(sos).
customer(John).  [assumption].
customer(Mary).  [assumption].
super_market(Safeway).  [assumption].
gas_station(Shell).  [assumption].
-super_market(x) | store(x).  [clausify(1)].
-gas_station(x) | store(x).  [clausify(2)].
vegetables(Tomatoes).  [assumption].
animal_produce(GroundBeef).  [assumption].
money(Card).  [assumption].
money(Cash).  [assumption].
cosmetic(Deodrant).  [assumption].
fuel(Gas).  [assumption].
-fuel(x) | goods(x).  [clausify(3)].
buys(John,Tomatoes,Safeway,t).  [assumption].
buys(John,GroundBeef,Safeway,t).  [assumption].
buys(Mary,Tomatoes,Safeway,t).  [assumption].
-animal_produce(x) | meat(x).  [clausify(4)].
-cosmetic(x) | products(x).  [clausify(5)].
-meat(x) | food(x).  [clausify(6)].
-vegetables(x) | food(x).  [clausify(7)].
-food(x) | products(x).  [clausify(8)].
-products(x) | goods(x).  [clausify(9)].
-fuel(x) | -eatable(x).  [clausify(10)].
-cosmetic(x) | -eatable(x).  [clausify(11)].
-food(x) | eatable(x).  [clausify(12)].
-customer(x) | -buys(x,y,z,t) | -food(y) | -super_market(z) | eats(x,y).  [clausify(13)].
-customer(x) | person(x).  [clausify(14)].
-person(x) | child(x) | adult(x).  [clausify(15)].
-child(x) | -adult(x).  [clausify(16)].
-customer(x) | -store(y) | -goods(z) | -buys(x,z,y,t) | adult(x).  [clausify(17)].
-super_market(x) | -products(y) | sells(x,y).  [clausify(18)].
-gas_station(x) | -fuel(y) | sells(x,y).  [clausify(19)].
-products(x) | -super_market(y) | owns(y,x).  [clausify(20)].
-fuel(x) | -super_market(y) | -owns(y,x).  [clausify(21)].
-super_market(x) | -gas_station(x).  [clausify(22)].
-products(x) | -gas_station(y) | -owns(y,x).  [clausify(23)].
-fuel(x) | -gas_station(y) | owns(y,x).  [clausify(24)].
-goods(x) | -store(y) | -produced(x,y).  [clausify(25)].
-buys(x,y,z,u) | -buys(w,y,z,u) | -products(v5) | -super_market(z) | sees(x,w).  [clausify(26)].
money(Cash).  [assumption].
money(Card).  [assumption].
-customer(x) | -goods(y) | -buys(x,y,z,t) | -money(u) | brings(x,u,z).  [clausify(27)].
-eats(x,y) | -meat(y) | -person(x) | -vegetarian(x).  [clausify(28)].
-buys(x,y,s,t) | visits(x,s,t).  [clausify(29)].
-visits(x,y,t) | -person(x) | -store(y) | at(x,y,t).  [clausify(30)].
-staff(x) | -store(y) | at(x,y,t).  [clausify(31)].
-staff(x) | -customer(x).  [clausify(32)].
weight(GroundBeef,One).  [clausify(33)].
pound(One).  [clausify(33)].
-pound(One) | ounces(Sixteen).  [clausify(34)].
-ounces(Sixteen) | ounces(One).  [clausify(35)].
-buys(x,y,z,t) | -products(u) | have(x,u).  [clausify(36)].
-products(x) | pound(y).  [clausify(37)].
-products(x) | weight(x,y).  [clausify(37)].
-buys(x,y,z,u) | money(f1(x,y,z,u)).  [clausify(38)].
-buys(x,y,z,u) | less(x,f1(x,y,z,u)).  [clausify(38)].
weight(Tomatoes,Two).  [assumption].
capacity(t,Hundred).  [clausify(39)].
trunk(t).  [clausify(39)].
-products(x) | weight(x,y).  [clausify(40)].
-trunk(x) | capacity(x,y).  [clausify(41)].
-weight(x,y) | -capacity(t,z) | -products(x) | -trunk(t) | -less_weight(y,z) | fits(t,x).  [clausify(42)].
less_weight(Two,Hundred).  [assumption].
-money(x) | -less(John,x).  [deny(43)].
end_of_list.

formulas(demodulators).
end_of_list.

============================== PREDICATE ELIMINATION =================

Eliminating customer/1
44 -customer(x) | -buys(x,y,z,t) | -food(y) | -super_market(z) | eats(x,y).  [clausify(13)].
45 customer(John).  [assumption].
46 customer(Mary).  [assumption].
Derived: -buys(John,x,y,t) | -food(x) | -super_market(y) | eats(John,x).  [resolve(44,a,45,a)].
Derived: -buys(Mary,x,y,t) | -food(x) | -super_market(y) | eats(Mary,x).  [resolve(44,a,46,a)].
47 -customer(x) | person(x).  [clausify(14)].
Derived: person(John).  [resolve(47,a,45,a)].
Derived: person(Mary).  [resolve(47,a,46,a)].
48 -customer(x) | -store(y) | -goods(z) | -buys(x,z,y,t) | adult(x).  [clausify(17)].
Derived: -store(x) | -goods(y) | -buys(John,y,x,t) | adult(John).  [resolve(48,a,45,a)].
Derived: -store(x) | -goods(y) | -buys(Mary,y,x,t) | adult(Mary).  [resolve(48,a,46,a)].
49 -customer(x) | -goods(y) | -buys(x,y,z,t) | -money(u) | brings(x,u,z).  [clausify(27)].
Derived: -goods(x) | -buys(John,x,y,t) | -money(z) | brings(John,z,y).  [resolve(49,a,45,a)].
Derived: -goods(x) | -buys(Mary,x,y,t) | -money(z) | brings(Mary,z,y).  [resolve(49,a,46,a)].
50 -staff(x) | -customer(x).  [clausify(32)].
Derived: -staff(John).  [resolve(50,b,45,a)].
Derived: -staff(Mary).  [resolve(50,b,46,a)].

Eliminating super_market/1
51 -super_market(x) | store(x).  [clausify(1)].
52 super_market(Safeway).  [assumption].
Derived: store(Safeway).  [resolve(51,a,52,a)].
53 -super_market(x) | -products(y) | sells(x,y).  [clausify(18)].
Derived: -products(x) | sells(Safeway,x).  [resolve(53,a,52,a)].
54 -products(x) | -super_market(y) | owns(y,x).  [clausify(20)].
Derived: -products(x) | owns(Safeway,x).  [resolve(54,b,52,a)].
55 -fuel(x) | -super_market(y) | -owns(y,x).  [clausify(21)].
Derived: -fuel(x) | -owns(Safeway,x).  [resolve(55,b,52,a)].
56 -super_market(x) | -gas_station(x).  [clausify(22)].
Derived: -gas_station(Safeway).  [resolve(56,a,52,a)].
57 -buys(x,y,z,u) | -buys(w,y,z,u) | -products(v5) | -super_market(z) | sees(x,w).  [clausify(26)].
Derived: -buys(x,y,Safeway,z) | -buys(u,y,Safeway,z) | -products(w) | sees(x,u).  [resolve(57,d,52,a)].
58 -buys(John,x,y,t) | -food(x) | -super_market(y) | eats(John,x).  [resolve(44,a,45,a)].
Derived: -buys(John,x,Safeway,t) | -food(x) | eats(John,x).  [resolve(58,c,52,a)].
59 -buys(Mary,x,y,t) | -food(x) | -super_market(y) | eats(Mary,x).  [resolve(44,a,46,a)].
Derived: -buys(Mary,x,Safeway,t) | -food(x) | eats(Mary,x).  [resolve(59,c,52,a)].

Eliminating gas_station/1
60 -gas_station(x) | store(x).  [clausify(2)].
61 gas_station(Shell).  [assumption].
Derived: store(Shell).  [resolve(60,a,61,a)].
62 -gas_station(x) | -fuel(y) | sells(x,y).  [clausify(19)].
Derived: -fuel(x) | sells(Shell,x).  [resolve(62,a,61,a)].
63 -products(x) | -gas_station(y) | -owns(y,x).  [clausify(23)].
Derived: -products(x) | -owns(Shell,x).  [resolve(63,b,61,a)].
64 -fuel(x) | -gas_station(y) | owns(y,x).  [clausify(24)].
Derived: -fuel(x) | owns(Shell,x).  [resolve(64,b,61,a)].
65 -gas_station(Safeway).  [resolve(56,a,52,a)].

Eliminating vegetables/1
66 -vegetables(x) | food(x).  [clausify(7)].
67 vegetables(Tomatoes).  [assumption].
Derived: food(Tomatoes).  [resolve(66,a,67,a)].

Eliminating animal_produce/1
68 -animal_produce(x) | meat(x).  [clausify(4)].
69 animal_produce(GroundBeef).  [assumption].
Derived: meat(GroundBeef).  [resolve(68,a,69,a)].

Eliminating money/1
70 -money(x) | -less(John,x).  [deny(43)].
71 money(Card).  [assumption].
72 money(Cash).  [assumption].
73 money(Cash).  [assumption].
74 money(Card).  [assumption].
75 -buys(x,y,z,u) | money(f1(x,y,z,u)).  [clausify(38)].
Derived: -less(John,Card).  [resolve(70,a,71,a)].
Derived: -less(John,Cash).  [resolve(70,a,72,a)].
Derived: -less(John,f1(x,y,z,u)) | -buys(x,y,z,u).  [resolve(70,a,75,b)].
76 -goods(x) | -buys(John,x,y,t) | -money(z) | brings(John,z,y).  [resolve(49,a,45,a)].
Derived: -goods(x) | -buys(John,x,y,t) | brings(John,Card,y).  [resolve(76,c,71,a)].
Derived: -goods(x) | -buys(John,x,y,t) | brings(John,Cash,y).  [resolve(76,c,72,a)].
Derived: -goods(x) | -buys(John,x,y,t) | brings(John,f1(z,u,w,v5),y) | -buys(z,u,w,v5).  [resolve(76,c,75,b)].
77 -goods(x) | -buys(Mary,x,y,t) | -money(z) | brings(Mary,z,y).  [resolve(49,a,46,a)].
Derived: -goods(x) | -buys(Mary,x,y,t) | brings(Mary,Card,y).  [resolve(77,c,71,a)].
Derived: -goods(x) | -buys(Mary,x,y,t) | brings(Mary,Cash,y).  [resolve(77,c,72,a)].
Derived: -goods(x) | -buys(Mary,x,y,t) | brings(Mary,f1(z,u,w,v5),y) | -buys(z,u,w,v5).  [resolve(77,c,75,b)].

Eliminating cosmetic/1
78 -cosmetic(x) | products(x).  [clausify(5)].
79 cosmetic(Deodrant).  [assumption].
Derived: products(Deodrant).  [resolve(78,a,79,a)].
80 -cosmetic(x) | -eatable(x).  [clausify(11)].
Derived: -eatable(Deodrant).  [resolve(80,a,79,a)].

Eliminating fuel/1
81 -fuel(x) | goods(x).  [clausify(3)].
82 fuel(Gas).  [assumption].
Derived: goods(Gas).  [resolve(81,a,82,a)].
83 -fuel(x) | -eatable(x).  [clausify(10)].
Derived: -eatable(Gas).  [resolve(83,a,82,a)].
84 -fuel(x) | -owns(Safeway,x).  [resolve(55,b,52,a)].
Derived: -owns(Safeway,Gas).  [resolve(84,a,82,a)].
85 -fuel(x) | sells(Shell,x).  [resolve(62,a,61,a)].
Derived: sells(Shell,Gas).  [resolve(85,a,82,a)].
86 -fuel(x) | owns(Shell,x).  [resolve(64,b,61,a)].
Derived: owns(Shell,Gas).  [resolve(86,a,82,a)].

Eliminating meat/1
87 meat(GroundBeef).  [resolve(68,a,69,a)].
88 -meat(x) | food(x).  [clausify(6)].
89 -eats(x,y) | -meat(y) | -person(x) | -vegetarian(x).  [clausify(28)].
Derived: food(GroundBeef).  [resolve(87,a,88,a)].
Derived: -eats(x,GroundBeef) | -person(x) | -vegetarian(x).  [resolve(87,a,89,b)].

Eliminating food/1
90 food(Tomatoes).  [resolve(66,a,67,a)].
91 -food(x) | products(x).  [clausify(8)].
92 -food(x) | eatable(x).  [clausify(12)].
93 -buys(John,x,Safeway,t) | -food(x) | eats(John,x).  [resolve(58,c,52,a)].
94 -buys(Mary,x,Safeway,t) | -food(x) | eats(Mary,x).  [resolve(59,c,52,a)].
Derived: products(Tomatoes).  [resolve(90,a,91,a)].
Derived: eatable(Tomatoes).  [resolve(90,a,92,a)].
Derived: -buys(John,Tomatoes,Safeway,t) | eats(John,Tomatoes).  [resolve(90,a,93,b)].
Derived: -buys(Mary,Tomatoes,Safeway,t) | eats(Mary,Tomatoes).  [resolve(90,a,94,b)].
95 food(GroundBeef).  [resolve(87,a,88,a)].
Derived: products(GroundBeef).  [resolve(95,a,91,a)].
Derived: eatable(GroundBeef).  [resolve(95,a,92,a)].
Derived: -buys(John,GroundBeef,Safeway,t) | eats(John,GroundBeef).  [resolve(95,a,93,b)].
Derived: -buys(Mary,GroundBeef,Safeway,t) | eats(Mary,GroundBeef).  [resolve(95,a,94,b)].

Eliminating products/1
96 products(Deodrant).  [resolve(78,a,79,a)].
97 -products(x) | goods(x).  [clausify(9)].
98 -buys(x,y,z,t) | -products(u) | have(x,u).  [clausify(36)].
99 -products(x) | pound(y).  [clausify(37)].
100 -products(x) | weight(x,y).  [clausify(37)].
101 -products(x) | weight(x,y).  [clausify(40)].
102 -weight(x,y) | -capacity(t,z) | -products(x) | -trunk(t) | -less_weight(y,z) | fits(t,x).  [clausify(42)].
103 -products(x) | sells(Safeway,x).  [resolve(53,a,52,a)].
104 -products(x) | owns(Safeway,x).  [resolve(54,b,52,a)].
105 -buys(x,y,Safeway,z) | -buys(u,y,Safeway,z) | -products(w) | sees(x,u).  [resolve(57,d,52,a)].
106 -products(x) | -owns(Shell,x).  [resolve(63,b,61,a)].
Derived: goods(Deodrant).  [resolve(96,a,97,a)].
Derived: -buys(x,y,z,t) | have(x,Deodrant).  [resolve(96,a,98,b)].
Derived: pound(x).  [resolve(96,a,99,a)].
Derived: weight(Deodrant,x).  [resolve(96,a,100,a)].
Derived: -weight(Deodrant,x) | -capacity(t,y) | -trunk(t) | -less_weight(x,y) | fits(t,Deodrant).  [resolve(96,a,102,c)].
Derived: sells(Safeway,Deodrant).  [resolve(96,a,103,a)].
Derived: owns(Safeway,Deodrant).  [resolve(96,a,104,a)].
Derived: -buys(x,y,Safeway,z) | -buys(u,y,Safeway,z) | sees(x,u).  [resolve(96,a,105,c)].
Derived: -owns(Shell,Deodrant).  [resolve(96,a,106,a)].
107 products(Tomatoes).  [resolve(90,a,91,a)].
Derived: goods(Tomatoes).  [resolve(107,a,97,a)].
Derived: -buys(x,y,z,t) | have(x,Tomatoes).  [resolve(107,a,98,b)].
Derived: weight(Tomatoes,x).  [resolve(107,a,100,a)].
Derived: -weight(Tomatoes,x) | -capacity(t,y) | -trunk(t) | -less_weight(x,y) | fits(t,Tomatoes).  [resolve(107,a,102,c)].
Derived: sells(Safeway,Tomatoes).  [resolve(107,a,103,a)].
Derived: owns(Safeway,Tomatoes).  [resolve(107,a,104,a)].
Derived: -owns(Shell,Tomatoes).  [resolve(107,a,106,a)].
108 products(GroundBeef).  [resolve(95,a,91,a)].
Derived: goods(GroundBeef).  [resolve(108,a,97,a)].
Derived: -buys(x,y,z,t) | have(x,GroundBeef).  [resolve(108,a,98,b)].
Derived: weight(GroundBeef,x).  [resolve(108,a,100,a)].
Derived: -weight(GroundBeef,x) | -capacity(t,y) | -trunk(t) | -less_weight(x,y) | fits(t,GroundBeef).  [resolve(108,a,102,c)].
Derived: sells(Safeway,GroundBeef).  [resolve(108,a,103,a)].
Derived: owns(Safeway,GroundBeef).  [resolve(108,a,104,a)].
Derived: -owns(Shell,GroundBeef).  [resolve(108,a,106,a)].

Eliminating person/1
109 person(John).  [resolve(47,a,45,a)].
110 -person(x) | child(x) | adult(x).  [clausify(15)].
111 -visits(x,y,t) | -person(x) | -store(y) | at(x,y,t).  [clausify(30)].
Derived: child(John) | adult(John).  [resolve(109,a,110,a)].
Derived: -visits(John,x,t) | -store(x) | at(John,x,t).  [resolve(109,a,111,b)].
112 person(Mary).  [resolve(47,a,46,a)].
Derived: child(Mary) | adult(Mary).  [resolve(112,a,110,a)].
Derived: -visits(Mary,x,t) | -store(x) | at(Mary,x,t).  [resolve(112,a,111,b)].
113 -eats(x,GroundBeef) | -person(x) | -vegetarian(x).  [resolve(87,a,89,b)].
Derived: -eats(John,GroundBeef) | -vegetarian(John).  [resolve(113,b,109,a)].
Derived: -eats(Mary,GroundBeef) | -vegetarian(Mary).  [resolve(113,b,112,a)].

Eliminating child/1
114 child(John) | adult(John).  [resolve(109,a,110,a)].
115 -child(x) | -adult(x).  [clausify(16)].
116 child(Mary) | adult(Mary).  [resolve(112,a,110,a)].

Eliminating goods/1
117 goods(Gas).  [resolve(81,a,82,a)].
118 -goods(x) | -store(y) | -produced(x,y).  [clausify(25)].
119 -store(x) | -goods(y) | -buys(John,y,x,t) | adult(John).  [resolve(48,a,45,a)].
120 -store(x) | -goods(y) | -buys(Mary,y,x,t) | adult(Mary).  [resolve(48,a,46,a)].
121 -goods(x) | -buys(John,x,y,t) | brings(John,Card,y).  [resolve(76,c,71,a)].
122 -goods(x) | -buys(John,x,y,t) | brings(John,Cash,y).  [resolve(76,c,72,a)].
123 -goods(x) | -buys(John,x,y,t) | brings(John,f1(z,u,w,v5),y) | -buys(z,u,w,v5).  [resolve(76,c,75,b)].
124 -goods(x) | -buys(Mary,x,y,t) | brings(Mary,Card,y).  [resolve(77,c,71,a)].
125 -goods(x) | -buys(Mary,x,y,t) | brings(Mary,Cash,y).  [resolve(77,c,72,a)].
126 -goods(x) | -buys(Mary,x,y,t) | brings(Mary,f1(z,u,w,v5),y) | -buys(z,u,w,v5).  [resolve(77,c,75,b)].
Derived: -store(x) | -produced(Gas,x).  [resolve(117,a,118,a)].
Derived: -store(x) | -buys(John,Gas,x,t) | adult(John).  [resolve(117,a,119,b)].
Derived: -store(x) | -buys(Mary,Gas,x,t) | adult(Mary).  [resolve(117,a,120,b)].
Derived: -buys(John,Gas,x,t) | brings(John,Card,x).  [resolve(117,a,121,a)].
Derived: -buys(John,Gas,x,t) | brings(John,Cash,x).  [resolve(117,a,122,a)].
Derived: -buys(John,Gas,x,t) | brings(John,f1(y,z,u,w),x) | -buys(y,z,u,w).  [resolve(117,a,123,a)].
Derived: -buys(Mary,Gas,x,t) | brings(Mary,Card,x).  [resolve(117,a,124,a)].
Derived: -buys(Mary,Gas,x,t) | brings(Mary,Cash,x).  [resolve(117,a,125,a)].
Derived: -buys(Mary,Gas,x,t) | brings(Mary,f1(y,z,u,w),x) | -buys(y,z,u,w).  [resolve(117,a,126,a)].
127 goods(Deodrant).  [resolve(96,a,97,a)].
Derived: -store(x) | -produced(Deodrant,x).  [resolve(127,a,118,a)].
Derived: -store(x) | -buys(John,Deodrant,x,t) | adult(John).  [resolve(127,a,119,b)].
Derived: -store(x) | -buys(Mary,Deodrant,x,t) | adult(Mary).  [resolve(127,a,120,b)].
Derived: -buys(John,Deodrant,x,t) | brings(John,Card,x).  [resolve(127,a,121,a)].
Derived: -buys(John,Deodrant,x,t) | brings(John,Cash,x).  [resolve(127,a,122,a)].
Derived: -buys(John,Deodrant,x,t) | brings(John,f1(y,z,u,w),x) | -buys(y,z,u,w).  [resolve(127,a,123,a)].
Derived: -buys(Mary,Deodrant,x,t) | brings(Mary,Card,x).  [resolve(127,a,124,a)].
Derived: -buys(Mary,Deodrant,x,t) | brings(Mary,Cash,x).  [resolve(127,a,125,a)].
Derived: -buys(Mary,Deodrant,x,t) | brings(Mary,f1(y,z,u,w),x) | -buys(y,z,u,w).  [resolve(127,a,126,a)].
128 goods(Tomatoes).  [resolve(107,a,97,a)].
Derived: -store(x) | -produced(Tomatoes,x).  [resolve(128,a,118,a)].
Derived: -store(x) | -buys(John,Tomatoes,x,t) | adult(John).  [resolve(128,a,119,b)].
Derived: -store(x) | -buys(Mary,Tomatoes,x,t) | adult(Mary).  [resolve(128,a,120,b)].
Derived: -buys(John,Tomatoes,x,t) | brings(John,Card,x).  [resolve(128,a,121,a)].
Derived: -buys(John,Tomatoes,x,t) | brings(John,Cash,x).  [resolve(128,a,122,a)].
Derived: -buys(John,Tomatoes,x,t) | brings(John,f1(y,z,u,w),x) | -buys(y,z,u,w).  [resolve(128,a,123,a)].
Derived: -buys(Mary,Tomatoes,x,t) | brings(Mary,Card,x).  [resolve(128,a,124,a)].
Derived: -buys(Mary,Tomatoes,x,t) | brings(Mary,Cash,x).  [resolve(128,a,125,a)].
Derived: -buys(Mary,Tomatoes,x,t) | brings(Mary,f1(y,z,u,w),x) | -buys(y,z,u,w).  [resolve(128,a,126,a)].
129 goods(GroundBeef).  [resolve(108,a,97,a)].
Derived: -store(x) | -produced(GroundBeef,x).  [resolve(129,a,118,a)].
Derived: -store(x) | -buys(John,GroundBeef,x,t) | adult(John).  [resolve(129,a,119,b)].
Derived: -store(x) | -buys(Mary,GroundBeef,x,t) | adult(Mary).  [resolve(129,a,120,b)].
Derived: -buys(John,GroundBeef,x,t) | brings(John,Card,x).  [resolve(129,a,121,a)].
Derived: -buys(John,GroundBeef,x,t) | brings(John,Cash,x).  [resolve(129,a,122,a)].
Derived: -buys(John,GroundBeef,x,t) | brings(John,f1(y,z,u,w),x) | -buys(y,z,u,w).  [resolve(129,a,123,a)].
Derived: -buys(Mary,GroundBeef,x,t) | brings(Mary,Card,x).  [resolve(129,a,124,a)].
Derived: -buys(Mary,GroundBeef,x,t) | brings(Mary,Cash,x).  [resolve(129,a,125,a)].
Derived: -buys(Mary,GroundBeef,x,t) | brings(Mary,f1(y,z,u,w),x) | -buys(y,z,u,w).  [resolve(129,a,126,a)].

Eliminating visits/3
130 -visits(John,x,t) | -store(x) | at(John,x,t).  [resolve(109,a,111,b)].
131 -buys(x,y,s,t) | visits(x,s,t).  [clausify(29)].
Derived: -store(s) | at(John,s,t) | -buys(John,x,s,t).  [resolve(130,a,131,b)].
132 -visits(Mary,x,t) | -store(x) | at(Mary,x,t).  [resolve(112,a,111,b)].
Derived: -store(s) | at(Mary,s,t) | -buys(Mary,x,s,t).  [resolve(132,a,131,b)].

Eliminating staff/1

Eliminating weight/2
133 -weight(Deodrant,x) | -capacity(t,y) | -trunk(t) | -less_weight(x,y) | fits(t,Deodrant).  [resolve(96,a,102,c)].
134 weight(GroundBeef,One).  [clausify(33)].
135 weight(Tomatoes,Two).  [assumption].
136 weight(Deodrant,x).  [resolve(96,a,100,a)].
Derived: -capacity(t,x) | -trunk(t) | -less_weight(y,x) | fits(t,Deodrant).  [resolve(133,a,136,a)].
137 weight(Tomatoes,x).  [resolve(107,a,100,a)].
138 -weight(Tomatoes,x) | -capacity(t,y) | -trunk(t) | -less_weight(x,y) | fits(t,Tomatoes).  [resolve(107,a,102,c)].
Derived: -capacity(t,x) | -trunk(t) | -less_weight(Two,x) | fits(t,Tomatoes).  [resolve(138,a,135,a)].
Derived: -capacity(t,x) | -trunk(t) | -less_weight(y,x) | fits(t,Tomatoes).  [resolve(138,a,137,a)].
139 weight(GroundBeef,x).  [resolve(108,a,100,a)].
140 -weight(GroundBeef,x) | -capacity(t,y) | -trunk(t) | -less_weight(x,y) | fits(t,GroundBeef).  [resolve(108,a,102,c)].
Derived: -capacity(t,x) | -trunk(t) | -less_weight(One,x) | fits(t,GroundBeef).  [resolve(140,a,134,a)].
Derived: -capacity(t,x) | -trunk(t) | -less_weight(y,x) | fits(t,GroundBeef).  [resolve(140,a,139,a)].

Eliminating pound/1
141 -pound(One) | ounces(Sixteen).  [clausify(34)].
142 pound(One).  [clausify(33)].
Derived: ounces(Sixteen).  [resolve(141,a,142,a)].
143 pound(x).  [resolve(96,a,99,a)].

Eliminating less/2
144 -less(John,Card).  [resolve(70,a,71,a)].
145 -buys(x,y,z,u) | less(x,f1(x,y,z,u)).  [clausify(38)].
146 -less(John,Cash).  [resolve(70,a,72,a)].
147 -less(John,f1(x,y,z,u)) | -buys(x,y,z,u).  [resolve(70,a,75,b)].
Derived: -buys(John,x,y,z) | -buys(John,x,y,z).  [resolve(147,a,145,b)].

Eliminating capacity/2
148 -capacity(t,x) | -trunk(t) | -less_weight(y,x) | fits(t,Deodrant).  [resolve(133,a,136,a)].
149 capacity(t,Hundred).  [clausify(39)].
150 -trunk(x) | capacity(x,y).  [clausify(41)].
Derived: -trunk(t) | -less_weight(x,Hundred) | fits(t,Deodrant).  [resolve(148,a,149,a)].
Derived: -trunk(t) | -less_weight(x,y) | fits(t,Deodrant) | -trunk(t).  [resolve(148,a,150,b)].
151 -capacity(t,x) | -trunk(t) | -less_weight(Two,x) | fits(t,Tomatoes).  [resolve(138,a,135,a)].
Derived: -trunk(t) | -less_weight(Two,Hundred) | fits(t,Tomatoes).  [resolve(151,a,149,a)].
Derived: -trunk(t) | -less_weight(Two,x) | fits(t,Tomatoes) | -trunk(t).  [resolve(151,a,150,b)].
152 -capacity(t,x) | -trunk(t) | -less_weight(y,x) | fits(t,Tomatoes).  [resolve(138,a,137,a)].
Derived: -trunk(t) | -less_weight(x,Hundred) | fits(t,Tomatoes).  [resolve(152,a,149,a)].
Derived: -trunk(t) | -less_weight(x,y) | fits(t,Tomatoes) | -trunk(t).  [resolve(152,a,150,b)].
153 -capacity(t,x) | -trunk(t) | -less_weight(One,x) | fits(t,GroundBeef).  [resolve(140,a,134,a)].
Derived: -trunk(t) | -less_weight(One,Hundred) | fits(t,GroundBeef).  [resolve(153,a,149,a)].
Derived: -trunk(t) | -less_weight(One,x) | fits(t,GroundBeef) | -trunk(t).  [resolve(153,a,150,b)].
154 -capacity(t,x) | -trunk(t) | -less_weight(y,x) | fits(t,GroundBeef).  [resolve(140,a,139,a)].
Derived: -trunk(t) | -less_weight(x,Hundred) | fits(t,GroundBeef).  [resolve(154,a,149,a)].
Derived: -trunk(t) | -less_weight(x,y) | fits(t,GroundBeef) | -trunk(t).  [resolve(154,a,150,b)].

Eliminating less_weight/2
155 -trunk(t) | -less_weight(x,Hundred) | fits(t,Deodrant).  [resolve(148,a,149,a)].
156 less_weight(Two,Hundred).  [assumption].
Derived: -trunk(t) | fits(t,Deodrant).  [resolve(155,b,156,a)].
157 -trunk(t) | -less_weight(x,y) | fits(t,Deodrant) | -trunk(t).  [resolve(148,a,150,b)].
158 -trunk(t) | -less_weight(Two,Hundred) | fits(t,Tomatoes).  [resolve(151,a,149,a)].
Derived: -trunk(t) | fits(t,Tomatoes).  [resolve(158,b,156,a)].
159 -trunk(t) | -less_weight(Two,x) | fits(t,Tomatoes) | -trunk(t).  [resolve(151,a,150,b)].
160 -trunk(t) | -less_weight(x,Hundred) | fits(t,Tomatoes).  [resolve(152,a,149,a)].
161 -trunk(t) | -less_weight(x,y) | fits(t,Tomatoes) | -trunk(t).  [resolve(152,a,150,b)].
162 -trunk(t) | -less_weight(One,Hundred) | fits(t,GroundBeef).  [resolve(153,a,149,a)].
163 -trunk(t) | -less_weight(One,x) | fits(t,GroundBeef) | -trunk(t).  [resolve(153,a,150,b)].
164 -trunk(t) | -less_weight(x,Hundred) | fits(t,GroundBeef).  [resolve(154,a,149,a)].
Derived: -trunk(t) | fits(t,GroundBeef).  [resolve(164,b,156,a)].
165 -trunk(t) | -less_weight(x,y) | fits(t,GroundBeef) | -trunk(t).  [resolve(154,a,150,b)].

Eliminating trunk/1
166 -trunk(t) | fits(t,Deodrant).  [resolve(155,b,156,a)].
167 trunk(t).  [clausify(39)].
Derived: fits(t,Deodrant).  [resolve(166,a,167,a)].
168 -trunk(t) | fits(t,Tomatoes).  [resolve(158,b,156,a)].
Derived: fits(t,Tomatoes).  [resolve(168,a,167,a)].
169 -trunk(t) | fits(t,GroundBeef).  [resolve(164,b,156,a)].
Derived: fits(t,GroundBeef).  [resolve(169,a,167,a)].

Eliminating store/1
170 -store(x) | -produced(Gas,x).  [resolve(117,a,118,a)].
171 store(Safeway).  [resolve(51,a,52,a)].
172 store(Shell).  [resolve(60,a,61,a)].
Derived: -produced(Gas,Safeway).  [resolve(170,a,171,a)].
Derived: -produced(Gas,Shell).  [resolve(170,a,172,a)].
173 -store(x) | -buys(John,Gas,x,t) | adult(John).  [resolve(117,a,119,b)].
174 -store(x) | -buys(Mary,Gas,x,t) | adult(Mary).  [resolve(117,a,120,b)].
Derived: -buys(Mary,Gas,Safeway,t) | adult(Mary).  [resolve(174,a,171,a)].
Derived: -buys(Mary,Gas,Shell,t) | adult(Mary).  [resolve(174,a,172,a)].
175 -store(x) | -produced(Deodrant,x).  [resolve(127,a,118,a)].
Derived: -produced(Deodrant,Safeway).  [resolve(175,a,171,a)].
Derived: -produced(Deodrant,Shell).  [resolve(175,a,172,a)].
176 -store(x) | -buys(John,Deodrant,x,t) | adult(John).  [resolve(127,a,119,b)].
177 -store(x) | -buys(Mary,Deodrant,x,t) | adult(Mary).  [resolve(127,a,120,b)].
Derived: -buys(Mary,Deodrant,Safeway,t) | adult(Mary).  [resolve(177,a,171,a)].
Derived: -buys(Mary,Deodrant,Shell,t) | adult(Mary).  [resolve(177,a,172,a)].
178 -store(x) | -produced(Tomatoes,x).  [resolve(128,a,118,a)].
Derived: -produced(Tomatoes,Safeway).  [resolve(178,a,171,a)].
Derived: -produced(Tomatoes,Shell).  [resolve(178,a,172,a)].
179 -store(x) | -buys(John,Tomatoes,x,t) | adult(John).  [resolve(128,a,119,b)].
180 -store(x) | -buys(Mary,Tomatoes,x,t) | adult(Mary).  [resolve(128,a,120,b)].
Derived: -buys(Mary,Tomatoes,Safeway,t) | adult(Mary).  [resolve(180,a,171,a)].
Derived: -buys(Mary,Tomatoes,Shell,t) | adult(Mary).  [resolve(180,a,172,a)].
181 -store(x) | -produced(GroundBeef,x).  [resolve(129,a,118,a)].
Derived: -produced(GroundBeef,Safeway).  [resolve(181,a,171,a)].
Derived: -produced(GroundBeef,Shell).  [resolve(181,a,172,a)].
182 -store(x) | -buys(John,GroundBeef,x,t) | adult(John).  [resolve(129,a,119,b)].
183 -store(x) | -buys(Mary,GroundBeef,x,t) | adult(Mary).  [resolve(129,a,120,b)].
Derived: -buys(Mary,GroundBeef,Safeway,t) | adult(Mary).  [resolve(183,a,171,a)].
Derived: -buys(Mary,GroundBeef,Shell,t) | adult(Mary).  [resolve(183,a,172,a)].
184 -store(s) | at(John,s,t) | -buys(John,x,s,t).  [resolve(130,a,131,b)].
185 -store(s) | at(Mary,s,t) | -buys(Mary,x,s,t).  [resolve(132,a,131,b)].

Eliminating eatable/1
186 eatable(Tomatoes).  [resolve(90,a,92,a)].
187 -eatable(Deodrant).  [resolve(80,a,79,a)].
188 -eatable(Gas).  [resolve(83,a,82,a)].
189 eatable(GroundBeef).  [resolve(95,a,92,a)].

Eliminating owns/2
190 owns(Shell,Gas).  [resolve(86,a,82,a)].
191 -owns(Safeway,Gas).  [resolve(84,a,82,a)].
192 owns(Safeway,Deodrant).  [resolve(96,a,104,a)].
193 -owns(Shell,Deodrant).  [resolve(96,a,106,a)].
194 owns(Safeway,Tomatoes).  [resolve(107,a,104,a)].
195 -owns(Shell,Tomatoes).  [resolve(107,a,106,a)].
196 owns(Safeway,GroundBeef).  [resolve(108,a,104,a)].
197 -owns(Shell,GroundBeef).  [resolve(108,a,106,a)].

Eliminating sells/2

Eliminating eats/2
198 -eats(John,GroundBeef) | -vegetarian(John).  [resolve(113,b,109,a)].
199 -buys(John,Tomatoes,Safeway,t) | eats(John,Tomatoes).  [resolve(90,a,93,b)].
200 -buys(Mary,Tomatoes,Safeway,t) | eats(Mary,Tomatoes).  [resolve(90,a,94,b)].
201 -buys(John,GroundBeef,Safeway,t) | eats(John,GroundBeef).  [resolve(95,a,93,b)].
202 -buys(Mary,GroundBeef,Safeway,t) | eats(Mary,GroundBeef).  [resolve(95,a,94,b)].
203 -eats(Mary,GroundBeef) | -vegetarian(Mary).  [resolve(113,b,112,a)].
Derived: -vegetarian(Mary) | -buys(Mary,GroundBeef,Safeway,t).  [resolve(203,a,202,b)].

Eliminating have/2

Eliminating sees/2

Eliminating brings/3

Eliminating fits/2

Eliminating produced/2

Eliminating adult/1

Eliminating vegetarian/1

============================== end predicate elimination =============

Auto_denials:  (no changes).

Term ordering decisions:
Predicate symbol precedence:  predicate_order([ ounces, buys ]).
Function symbol precedence:  function_order([ Safeway, t, John, Sixteen, Tomatoes, GroundBeef, Mary, One ]).
After inverse_order:  (no changes).
Unfolding symbols: (none).

Auto_inference settings:
  % set(neg_binary_resolution).  % (HNE depth_diff=0)
  % clear(ordered_res).  % (HNE depth_diff=0)
  % set(ur_resolution).  % (HNE depth_diff=0)
    % set(ur_resolution) -> set(pos_ur_resolution).
    % set(ur_resolution) -> set(neg_ur_resolution).

Auto_process settings:
  % set(unit_deletion).  % (Horn set with negative nonunits)

kept:      204 buys(John,Tomatoes,Safeway,t).  [assumption].
kept:      205 buys(John,GroundBeef,Safeway,t).  [assumption].
kept:      206 buys(Mary,Tomatoes,Safeway,t).  [assumption].
kept:      207 -ounces(Sixteen) | ounces(One).  [clausify(35)].
kept:      208 ounces(Sixteen).  [resolve(141,a,142,a)].
           209 -buys(John,x,y,z) | -buys(John,x,y,z).  [resolve(147,a,145,b)].
kept:      210 -buys(John,x,y,z).  [copy(209),merge(b)].

============================== PROOF =================================

% Proof 1 at 0.01 (+ 0.01) seconds.
% Length of proof is 10.
% Level of proof is 5.
% Maximum clause weight is 5.000.
% Given clauses 0.

38 (all x all y all s all t (buys(x,y,s,t) -> (exists w (money(w) & less(x,w))))) # label(non_clause).  [assumption].
43 (exists x (money(x) & less(John,x))) # label(non_clause) # label(goal).  [goal].
70 -money(x) | -less(John,x).  [deny(43)].
75 -buys(x,y,z,u) | money(f1(x,y,z,u)).  [clausify(38)].
145 -buys(x,y,z,u) | less(x,f1(x,y,z,u)).  [clausify(38)].
147 -less(John,f1(x,y,z,u)) | -buys(x,y,z,u).  [resolve(70,a,75,b)].
205 buys(John,GroundBeef,Safeway,t).  [assumption].
209 -buys(John,x,y,z) | -buys(John,x,y,z).  [resolve(147,a,145,b)].
210 -buys(John,x,y,z).  [copy(209),merge(b)].
211 $F.  [resolve(210,a,205,a)].

============================== end of proof ==========================

============================== STATISTICS ============================

Given=0. Generated=6. Kept=6. proofs=1.
Usable=0. Sos=0. Demods=0. Limbo=5, Disabled=221. Hints=0.
Kept_by_rule=0, Deleted_by_rule=0.
Forward_subsumed=0. Back_subsumed=0.
Sos_limit_deleted=0. Sos_displaced=0. Sos_removed=0.
New_demodulators=0 (0 lex), Back_demodulated=0. Back_unit_deleted=0.
Demod_attempts=0. Demod_rewrites=0.
Res_instance_prunes=0. Para_instance_prunes=0. Basic_paramod_prunes=0.
Nonunit_fsub_feature_tests=0. Nonunit_bsub_feature_tests=0.
Megabytes=0.20.
User_CPU=0.01, System_CPU=0.01, Wall_clock=0.

============================== end of statistics =====================

============================== end of search =========================

THEOREM PROVED

Exiting with 1 proof.

Process 13810 exit (max_proofs) Fri May  1 16:06:50 2020
